<?xml version="1.0" encoding="UTF-8"?>
<!-- Generated by org.testng.reporters.JUnitXMLReporter -->
<testsuite ignored="0" hostname="JyothiCyril" failures="0" tests="3" name="Functional Test - Amazon - Edge" time="60.907" errors="0" timestamp="2022-07-07T15:18:13 IST">
  <testcase classname="com.qa.testscripts.TC_Amazon_001" name="searchItem" time="10.658"/>
  <testcase classname="com.qa.testscripts.TC_Amazon_002" name="footerLinks" time="8.711"/>
  <testcase classname="com.qa.testscripts.TC_Amazon_003" name="validateCategoryDropDown" time="7.291"/>
</testsuite> <!-- Functional Test - Amazon - Edge -->
