<?xml version="1.0" encoding="UTF-8"?>
<!-- Generated by org.testng.reporters.JUnitXMLReporter -->
<testsuite ignored="0" hostname="JyothiCyril" failures="0" tests="5" name="Functional Test" time="37.177" errors="0" timestamp="2022-07-18T15:30:11 IST">
  <testcase classname="com.qa.testscripts.TC_Amazon_001" name="searchItem" time="5.283"/>
  <testcase classname="com.qa.testscripts.TC_Amazon_001" name="searchItem" time="5.203"/>
  <testcase classname="com.qa.testscripts.TC_Amazon_001" name="searchItem" time="6.636"/>
  <testcase classname="com.qa.testscripts.TC_Amazon_001" name="searchItem" time="4.702"/>
  <testcase classname="com.qa.testscripts.TC_Amazon_001" name="searchItem" time="4.465"/>
</testsuite> <!-- Functional Test -->
