<?xml version="1.0" encoding="UTF-8"?>
<!-- Generated by org.testng.reporters.JUnitXMLReporter -->
<testsuite ignored="0" hostname="JyothiCyril" failures="0" tests="6" name="Functional Test" time="68.346" errors="0" timestamp="2022-07-21T16:15:44 IST">
  <testcase classname="com.qa.testscripts.TC_Amazon_001" name="searchItem" time="4.58"/>
  <testcase classname="com.qa.testscripts.TC_Amazon_001" name="searchItem" time="4.175"/>
  <testcase classname="com.qa.testscripts.TC_Amazon_001" name="searchItem" time="4.033"/>
  <testcase classname="com.qa.testscripts.TC_Amazon_001" name="searchItem" time="11.114"/>
  <testcase classname="com.qa.testscripts.TC_Amazon_001" name="searchItem" time="9.721"/>
  <testcase classname="com.qa.testscripts.TC_Amazon_002" name="footerLinks" time="1.779"/>
</testsuite> <!-- Functional Test -->
