<?xml version="1.0" encoding="UTF-8"?>
<!-- Generated by org.testng.reporters.JUnitXMLReporter -->
<testsuite ignored="0" hostname="JyothiCyril" failures="0" tests="3" name="Functional Test - Amazon - Chrome" time="64.242" errors="0" timestamp="2022-07-07T15:18:16 IST">
  <testcase classname="com.qa.testscripts.TC_Amazon_003" name="validateCategoryDropDown" time="11.307"/>
  <testcase classname="com.qa.testscripts.TC_Amazon_001" name="searchItem" time="25.993"/>
  <testcase classname="com.qa.testscripts.TC_Amazon_002" name="footerLinks" time="22.228"/>
</testsuite> <!-- Functional Test - Amazon - Chrome -->
