<?xml version="1.0" encoding="UTF-8"?>
<!-- Generated by org.testng.reporters.JUnitXMLReporter -->
<testsuite ignored="0" hostname="JyothiCyril" failures="0" tests="5" name="TestNG Demo Test - FundTransfer" time="0.117" errors="0" timestamp="2022-07-05T16:08:06 IST">
  <testcase classname="com.qa.testngDemo.TC_FundTransfer_001" name="FTNeft" time="0.01"/>
  <testcase classname="com.qa.testngDemo.TC_FundTransfer_001" name="FTNeft" time="0.002"/>
  <testcase classname="com.qa.testngDemo.TC_FundTransfer_001" name="FTNeft" time="0.004"/>
  <testcase classname="com.qa.testngDemo.TC_FundTransfer_001" name="FTImps" time="0.007"/>
  <testcase classname="com.qa.testngDemo.TC_FundTransfer_001" name="FTInternational" time="0.002"/>
</testsuite> <!-- TestNG Demo Test - FundTransfer -->
