<?xml version="1.0" encoding="UTF-8"?>
<!-- Generated by org.testng.reporters.JUnitXMLReporter -->
<testsuite ignored="4" hostname="JyothiCyril" failures="0" tests="2" name="TestNG Demo Test - BillPayment" time="0.032" errors="0" timestamp="2022-07-05T16:08:06 IST">
  <testcase classname="com.qa.testngDemo.TC_UtilitybillPayment_002" name="UtilityBillPayment" time="0.002"/>
  <testcase classname="com.qa.testngDemo.TC_CreditCardBillPayment_003" name="CreditCardBillPayment" time="0.006"/>
  <testcase classname="com.qa.testngDemo.TestBase" name="@BeforeTest InvokeBrowser" time="0.0">
    <ignored/>
  </testcase> <!-- @BeforeTest InvokeBrowser -->
  <testcase classname="com.qa.testngDemo.TestBase" name="@AfterTest CloseBrowser" time="0.0">
    <ignored/>
  </testcase> <!-- @AfterTest CloseBrowser -->
  <testcase classname="com.qa.testngDemo.TestBase" name="@AfterSuite tearDown" time="0.0">
    <ignored/>
  </testcase> <!-- @AfterSuite tearDown -->
  <testcase classname="com.qa.testngDemo.TestBase" name="@BeforeSuite setUp" time="0.0">
    <ignored/>
  </testcase> <!-- @BeforeSuite setUp -->
</testsuite> <!-- TestNG Demo Test - BillPayment -->
