<?xml version="1.0" encoding="UTF-8"?>
<!-- Generated by org.testng.reporters.JUnitXMLReporter -->
<testsuite ignored="8" hostname="JyothiCyril" failures="0" tests="5" name="TestNG Demo Test" time="0.056" errors="0" timestamp="2022-07-05T15:59:59 IST">
  <testcase classname="com.qa.testngDemo.TC_FundTransfer_001" name="FTImps" time="0.004"/>
  <testcase classname="com.qa.testngDemo.TC_FundTransfer_001" name="FTInternational" time="0.001"/>
  <testcase classname="com.qa.testngDemo.TC_FundTransfer_001" name="FTNeft" time="0.002"/>
  <testcase classname="com.qa.testngDemo.TC_UtilitybillPayment_002" name="UtilityBillPayment" time="0.002"/>
  <testcase classname="com.qa.testngDemo.TC_CreditCardBillPayment_003" name="CreditCardBillPayment" time="0.002"/>
  <testcase classname="com.qa.testngDemo.TestBase" name="@BeforeTest InvokeBrowser" time="0.0">
    <ignored/>
  </testcase> <!-- @BeforeTest InvokeBrowser -->
  <testcase classname="com.qa.testngDemo.TestBase" name="@BeforeTest InvokeBrowser" time="0.0">
    <ignored/>
  </testcase> <!-- @BeforeTest InvokeBrowser -->
  <testcase classname="com.qa.testngDemo.TestBase" name="@AfterTest CloseBrowser" time="0.0">
    <ignored/>
  </testcase> <!-- @AfterTest CloseBrowser -->
  <testcase classname="com.qa.testngDemo.TestBase" name="@AfterTest CloseBrowser" time="0.0">
    <ignored/>
  </testcase> <!-- @AfterTest CloseBrowser -->
  <testcase classname="com.qa.testngDemo.TestBase" name="@AfterSuite tearDown" time="0.0">
    <ignored/>
  </testcase> <!-- @AfterSuite tearDown -->
  <testcase classname="com.qa.testngDemo.TestBase" name="@AfterSuite tearDown" time="0.0">
    <ignored/>
  </testcase> <!-- @AfterSuite tearDown -->
  <testcase classname="com.qa.testngDemo.TestBase" name="@BeforeSuite setUp" time="0.0">
    <ignored/>
  </testcase> <!-- @BeforeSuite setUp -->
  <testcase classname="com.qa.testngDemo.TestBase" name="@BeforeSuite setUp" time="0.0">
    <ignored/>
  </testcase> <!-- @BeforeSuite setUp -->
</testsuite> <!-- TestNG Demo Test -->
