<?xml version="1.0" encoding="UTF-8"?>
<testng-results ignored="0" total="5" passed="5" failed="0" skipped="0">
  <reporter-output>
    <line>
      <![CDATA[The user is on amazon page]]>
    </line>
    <line>
      <![CDATA[The title is same as item name]]>
    </line>
    <line>
      <![CDATA[The Da Vinci Code: (Robert Langdon Book 2) (Robert Langdon, 2)]]>
    </line>
    <line>
      <![CDATA[The Da Vinci Code (Abridged Edition)]]>
    </line>
    <line>
      <![CDATA[The Da Vinci Code]]>
    </line>
    <line>
      <![CDATA[DA VINCI CODE]]>
    </line>
    <line>
      <![CDATA[The Da Vinci Code]]>
    </line>
    <line>
      <![CDATA[The Da Vinci Code: A Novel: 2 (Robert Langdon)]]>
    </line>
    <line>
      <![CDATA[The Da Vinci Code: (Robert Langdon Book 2)+The Lost Symbol: (Robert Langdon Book 3)(Set of 2books)]]>
    </line>
    <line>
      <![CDATA[The Da Vinci Code 10th Anniversary Edition]]>
    </line>
    <line>
      <![CDATA[1984 (Deluxe Hardbound Edition)]]>
    </line>
    <line>
      <![CDATA[Greatest Works of Edgar Allan Poe]]>
    </line>
    <line>
      <![CDATA[The Da Vinci Code]]>
    </line>
    <line>
      <![CDATA[The Da Vinci Code: Facts and Fallacies at the 92nd Street Y]]>
    </line>
    <line>
      <![CDATA[Breaking the Da Vinci Code]]>
    </line>
    <line>
      <![CDATA[Davinci Code]]>
    </line>
    <line>
      <![CDATA[The Da Vinci Code Exposed: What They Don't Want You to Know]]>
    </line>
    <line>
      <![CDATA[The Da Vinci Code]]>
    </line>
    <line>
      <![CDATA[Cracking the Da Vinci Code: The Unauthorized Guide to the Facts Behind the Fiction]]>
    </line>
    <line>
      <![CDATA[The Da Vinci Code Revisited]]>
    </line>
    <line>
      <![CDATA[Collection of Shakespeare's Greatest Stories (Box Set of 10 Books) For Children]]>
    </line>
    <line>
      <![CDATA[The Complete Novels of Sherlock Holmes]]>
    </line>
    <line>
      <![CDATA[Think & Grow Rich: THE 21st CENTURY EDITION]]>
    </line>
    <line>
      <![CDATA[The Greatest Novels of Mark Twain (Deluxe Hardbound Edition)]]>
    </line>
    <line>
      <![CDATA[The user is on amazon page]]>
    </line>
    <line>
      <![CDATA[The title is same as item name]]>
    </line>
    <line>
      <![CDATA[Samsung Galaxy M33 5G (Mystique Green, 8GB, 128GB Storage) | 5nm Processor | 6000mAh Battery | Voice Focus | Upto 16GB RAM with RAM Plus | Travel Adapter to be Purchased Separately]]>
    </line>
    <line>
      <![CDATA[Samsung Galaxy S21 FE 5G (Lavender, 8GB, 128GB Storage)]]>
    </line>
    <line>
      <![CDATA[Redmi 9A Sport (Coral Green, 2GB RAM, 32GB Storage) | 2GHz Octa-core Helio G25 Processor | 5000 mAh Battery]]>
    </line>
    <line>
      <![CDATA[realme narzo 50i (Carbon Black, 4GB RAM+64GB Storage) - 6.5" inch Large Display | 5000mAh Battery]]>
    </line>
    <line>
      <![CDATA[OPPO A31 (Mystery Black, 6GB RAM, 128GB Storage) with No Cost EMI/Additional Exchange Offers]]>
    </line>
    <line>
      <![CDATA[OPPO A74 5G (Fantastic Purple,6GB RAM,128GB Storage) with No Cost EMI/Additional Exchange Offers]]>
    </line>
    <line>
      <![CDATA[Redmi Note 11T 5G (Matte Black, 6GB RAM, 128GB ROM)| Dimensity 810 5G | 33W Pro Fast Charging | Charger Included | Additional Exchange Offers|Get 2 Months of YouTube Premium Free!]]>
    </line>
    <line>
      <![CDATA[Samsung Galaxy M12 (Blue,4GB RAM, 64GB Storage) 6000 mAh with 8nm Processor | True 48 MP Quad Camera | 90Hz Refresh Rate]]>
    </line>
    <line>
      <![CDATA[Samsung Galaxy M32 (Black, 6GB RAM, 128GB | FHD+ sAMOLED 90Hz Display | 6000mAh Battery | 64MP Quad Camera]]>
    </line>
    <line>
      <![CDATA[Redmi 10 Prime (Phantom Black 4GB RAM 64GB | Helio G88 with extendable RAM Upto 2GB | FHD+ 90Hz Adaptive Sync Display)]]>
    </line>
    <line>
      <![CDATA[Redmi 9 Activ (Coral Green, 4GB RAM, 64GB Storage)]]>
    </line>
    <line>
      <![CDATA[Redmi 10A (Charcoal Black, 4GB RAM, 64GB Storage) | 2 Ghz Octa Core Helio G25 | 5000 mAh Battery | Finger Print Sensor | Upto 5GB RAM with RAM Booster]]>
    </line>
    <line>
      <![CDATA[Redmi Note 10S (Frost White, 6GB RAM, 64GB Storage) - Super Amoled Display | 64 MP Quad Camera | Alexa Built in | 33W Charger Included]]>
    </line>
    <line>
      <![CDATA[Nokia 5310 Dual SIM Keypad Phone with MP3 Player, Wireless FM Radio and Rear Camera with Flash | White/Red]]>
    </line>
    <line>
      <![CDATA[Samsung Galaxy M53 5G (Mystique Green, 6GB, 128GB Storage) | 108MP Camera | sAmoled+ 120Hz | 32MP Front Camera | 6nm Processor | 12GB RAM with RAM Plus | Travel Adapter to be Purchased Separately]]>
    </line>
    <line>
      <![CDATA[Apple iPhone 12 (128GB) - Blue]]>
    </line>
    <line>
      <![CDATA[Jio Phone Next 32 GB ROM, 2 GB RAM, Blue Smartphone]]>
    </line>
    <line>
      <![CDATA[realme narzo 50i (Mint Green, 4GB RAM+64GB Storage) - 6.5" inch Large Display | 5000mAh Battery]]>
    </line>
    <line>
      <![CDATA[Redmi Note 11 (Space Black, 6GB RAM, 64GB Storage) | 90Hz FHD+ AMOLED Display | Qualcomm® Snapdragon™ 680-6nm | Alexa Built-in | 33W Charger Included | Get 2 Months of YouTube Premium Free!]]>
    </line>
    <line>
      <![CDATA[OPPO A15s (Rainbow Silver, 4GB RAM, 64GB Storage) With No Cost EMI/Additional Exchange Offers]]>
    </line>
    <line>
      <![CDATA[vivo iQOO Z6 44W (Raven Black, 6GB RAM, 128GB Storage) | 44W FlashCharge + 5000mAh Battery | FHD+ AMOLED Display | in-Display Fingerprint]]>
    </line>
    <line>
      <![CDATA[Redmi Note 10T 5G (Metallic Blue, 4GB RAM, 64GB Storage) | Dual 5G | 90Hz Adaptive Refresh Rate | MediaTek Dimensity 700 7nm Processor | 22.5W Charger Included]]>
    </line>
    <line>
      <![CDATA[Redmi 9A Sport (Carbon Black, 2GB RAM, 32GB Storage) | 2GHz Octa-core Helio G25 Processor | 5000 mAh Battery]]>
    </line>
    <line>
      <![CDATA[realme narzo 50i (Mint Green, 2GB RAM+32GB Storage) - 6.5" inch Large Display | 5000mAh Battery]]>
    </line>
    <line>
      <![CDATA[Redmi 10 Prime (Phantom Black 6GB RAM 128GB ROM |Helio G88 with extendable RAM Upto 2GB |FHD+ 90Hz Adaptive Sync Display)]]>
    </line>
    <line>
      <![CDATA[Redmi 10 Prime (Astral White 4GB RAM 64GB ROM |Helio G88 with extendable RAM Upto 2GB |FHD+ 90Hz Adaptive Sync Display)]]>
    </line>
    <line>
      <![CDATA[Nokia 105 Single SIM (Black)]]>
    </line>
    <line>
      <![CDATA[Nokia 105 Single SIM, Keypad Mobile Phone with Wireless FM Radio | Charcoal]]>
    </line>
    <line>
      <![CDATA[Lava X2 (2+32GB, Striped Blue) | Fingerprint Sensor | Octa Core Mediatek Processor | 6.5" HD+ Display | 8MP Dual AI Camera | 5000 mAh Battery | Type-C Charger]]>
    </line>
    <line>
      <![CDATA[Apple iPhone 13 Pro (1TB) - Silver]]>
    </line>
    <line>
      <![CDATA[The user is on amazon page]]>
    </line>
    <line>
      <![CDATA[The title is same as item name]]>
    </line>
    <line>
      <![CDATA[Priti Wooden Coffee Table Living Room Table Solid Wood in Conical Shape | Wooden Surface Top & Sturdy Metal Legs Industrial Sofa Table for Living Room Modern Design Home Furniture]]>
    </line>
    <line>
      <![CDATA[The user is on amazon page]]>
    </line>
    <line>
      <![CDATA[The title is same as item name]]>
    </line>
    <line>
      <![CDATA[Panasonic 6.5 kg 5 Star Semi-Automatic Top Loading Washing Machine (NA-W65E5ARB, Blue, Powerful Motor)]]>
    </line>
    <line>
      <![CDATA[AmazonBasics 7 Kg Fully Automatic Top Loading Washing Machine (2021, Grey)]]>
    </line>
    <line>
      <![CDATA[Samsung 6.5 kg Fully-Automatic Top Loading Washing Machine (WA65A4002VS/TL, Imperial Silver, Diamond Drum)]]>
    </line>
    <line>
      <![CDATA[Samsung 6.5 Kg 5 Star Inverter Fully-Automatic Top Loading Washing Machine (WA65T4262GG/TL, Light Grey, Wobble technology)]]>
    </line>
    <line>
      <![CDATA[Whirlpool 7 Kg 5 Star Semi-Automatic Top Loading Washing Machine (SUPERB ATOM 7.0, Grey Dazzle, TurboScrub Technology)]]>
    </line>
    <line>
      <![CDATA[Panasonic Econavi 8 Kg 5 Star Built-In Heater Fully-Automatic Top Loading Washing Machine (NA-F80V9LRB, Silver, Stain Master+)]]>
    </line>
    <line>
      <![CDATA[LG 6.5 Kg 5 Star Smart Inverter Fully-Automatic Top Loading Washing Machine (T65SKSF4Z, Middle Free Silver)]]>
    </line>
    <line>
      <![CDATA[LG 7 Kg 5 Star Semi-Automatic Top Loading Washing Machine (P7020NGAZ, Dark Gray, Wind Jet Dry)]]>
    </line>
    <line>
      <![CDATA[IFB 6.5 Kg Fully-Automatic Front Loading Washing Machine (Elena SX 6510, SX -Silver, In-Built Heater)]]>
    </line>
    <line>
      <![CDATA[Bosch 6 kg 5 Star Inverter Fully Automatic Front Loading Washing Machine with In - built Heater (WLJ2016WIN, White )]]>
    </line>
    <line>
      <![CDATA[Whirlpool 7.5 Kg 5 Star Royal Plus Fully-Automatic Top Loading Washing Machine (WHITEMAGIC ROYAL PLUS 7.5, Grey, Hard Water Wash)]]>
    </line>
    <line>
      <![CDATA[Panasonic 6.5 kg 5 Star Semi-Automatic Top Loading Washing Machine (NA-W65E5ARB, Blue, Powerful Motor)]]>
    </line>
    <line>
      <![CDATA[Whirlpool 7 Kg 5 Star Royal Fully-Automatic Top Loading Washing Machine (WHITEMAGIC ROYAL 7.0 GENX, Grey, Hard Water Wash)]]>
    </line>
    <line>
      <![CDATA[Whirlpool 7.5 Kg 5 Star Semi-Automatic Top Loading Washing Machine (ACE 7.5 SUPREME, Grey Dazzle)]]>
    </line>
    <line>
      <![CDATA[Samsung 6.0 Kg Inverter 5 Star Fully-Automatic Front Loading Washing Machine (WW60R20GLMA/TL, White, Hygiene Steam)]]>
    </line>
    <line>
      <![CDATA[LG 6.5 Kg 5 Star Smart Inverter Fully-Automatic Top Loading Washing Machine (T65SKSF4Z, Middle Free Silver)]]>
    </line>
    <line>
      <![CDATA[LG 7 kg 5 Star Inverter Fully-Automatic Top Loading Washing Machine (T70SKSF1Z, Middle Free Silver, TurboDrum)]]>
    </line>
    <line>
      <![CDATA[IFB 7 Kg Fully-Automatic Top Loading Washing Machine (TL RES Aqua, Light Grey, Smart Sense,3D Wash Technology)]]>
    </line>
    <line>
      <![CDATA[Onida 6.5 kg Washer Only (WS65WLPT1LR Liliput, Lava Red)]]>
    </line>
    <line>
      <![CDATA[Samsung 7 kg Fully-Automatic Top Loading Washing Machine (WA70A4002GS/TL, Imperial Silver, Diamond drum)]]>
    </line>
    <line>
      <![CDATA[LG 9.0 Kg 5 Star Smart Inverter Fully-Automatic Top Loading Washing Machine (T90SJSF1Z, Middle Free Silver, Jet Spray+)]]>
    </line>
    <line>
      <![CDATA[Whirlpool 6 Kg 5 Star Semi-Automatic Top Loading Washing Machine (SUPERB ATOM 60I, Grey Dazzle)]]>
    </line>
    <line>
      <![CDATA[Godrej 6.2 Kg Fully-Automatic Top Loading Washing Machine (WT EON 620 A Gp Gr, Grey)]]>
    </line>
    <line>
      <![CDATA[Godrej 6.2 Kg Fully-Automatic Top Loading Washing Machine (WT EON 620 AP Gp Gr, Graphic Grey)]]>
    </line>
    <line>
      <![CDATA[Whirlpool 7 Kg 5 Star Royal Plus Fully-Automatic Top Loading Washing Machine (WHITEMAGIC ROYAL PLUS 7.0, Grey, Hard Water Wash)]]>
    </line>
    <line>
      <![CDATA[DMR Portable 3 kg Mini Top-Load Washing Machine with Dryer Basket (DMR 30-1208, Black)]]>
    </line>
    <line>
      <![CDATA[Panasonic 7 Kg 5 Star Fully-Automatic Top Loading Washing Machine (NA-F70LF1HRB, Grey)]]>
    </line>
    <line>
      <![CDATA[Whirlpool 8 Kg 5 Star Semi-Automatic Top Loading Washing Machine]]>
    </line>
    <line>
      <![CDATA[AmazonBasics 6.5 kg Fully-Automatic Top Load Washing Machine (Grey/Black, Full Metal body, LED Display)]]>
    </line>
    <line>
      <![CDATA[LG 7 Kg 5 Star Semi-Automatic Top Loading Washing Machine (P7020NGAZ, Dark Gray, Wind Jet Dry)]]>
    </line>
    <line>
      <![CDATA[Samsung 6.5 kg Fully-Automatic Top Loading Washing Machine (WA65A4002VS/TL, Imperial Silver, Diamond Drum)]]>
    </line>
    <line>
      <![CDATA[The user is on amazon page]]>
    </line>
    <line>
      <![CDATA[The title is same as item name]]>
    </line>
    <line>
      <![CDATA[Did you mean]]>
    </line>
    <line>
      <![CDATA[Coco Soul Body Lotion with Coconut, Sandalwood & Ayurveda, Paraben, Silicones & Mineral Oil Free, 100% Vegan, 200 ml]]>
    </line>
  </reporter-output>
  <suite started-at="2022-07-18T15:29:34 IST" name="Test Automation Suite" finished-at="2022-07-18T15:30:11 IST" duration-ms="37177">
    <groups>
    </groups>
    <test started-at="2022-07-18T15:29:34 IST" name="Functional Test" finished-at="2022-07-18T15:30:11 IST" duration-ms="37177">
      <class name="com.qa.testscripts.TC_Amazon_001">
        <test-method is-config="true" signature="setUp(java.lang.String,java.lang.String)[pri:0, instance:com.qa.testscripts.TC_Amazon_001@21e360a]" started-at="2022-07-18T15:29:34 IST" name="setUp" finished-at="2022-07-18T15:29:41 IST" duration-ms="7043" status="PASS">
          <params>
            <param index="0">
              <value>
                <![CDATA[Chrome]]>
              </value>
            </param>
            <param index="1">
              <value>
                <![CDATA[https://www.amazon.in/]]>
              </value>
            </param>
          </params>
          <reporter-output>
          </reporter-output>
        </test-method> <!-- setUp -->
        <test-method signature="searchItem(java.lang.String,java.lang.String)[pri:0, instance:com.qa.testscripts.TC_Amazon_001@21e360a]" started-at="2022-07-18T15:29:44 IST" name="searchItem" data-provider="getData" finished-at="2022-07-18T15:29:49 IST" duration-ms="5283" status="PASS">
          <params>
            <param index="0">
              <value>
                <![CDATA[Books]]>
              </value>
            </param>
            <param index="1">
              <value>
                <![CDATA[Da vinci code]]>
              </value>
            </param>
          </params>
          <reporter-output>
            <line>
              <![CDATA[The user is on amazon page]]>
            </line>
            <line>
              <![CDATA[The title is same as item name]]>
            </line>
            <line>
              <![CDATA[The Da Vinci Code: (Robert Langdon Book 2) (Robert Langdon, 2)]]>
            </line>
            <line>
              <![CDATA[The Da Vinci Code (Abridged Edition)]]>
            </line>
            <line>
              <![CDATA[The Da Vinci Code]]>
            </line>
            <line>
              <![CDATA[DA VINCI CODE]]>
            </line>
            <line>
              <![CDATA[The Da Vinci Code]]>
            </line>
            <line>
              <![CDATA[The Da Vinci Code: A Novel: 2 (Robert Langdon)]]>
            </line>
            <line>
              <![CDATA[The Da Vinci Code: (Robert Langdon Book 2)+The Lost Symbol: (Robert Langdon Book 3)(Set of 2books)]]>
            </line>
            <line>
              <![CDATA[The Da Vinci Code 10th Anniversary Edition]]>
            </line>
            <line>
              <![CDATA[1984 (Deluxe Hardbound Edition)]]>
            </line>
            <line>
              <![CDATA[Greatest Works of Edgar Allan Poe]]>
            </line>
            <line>
              <![CDATA[The Da Vinci Code]]>
            </line>
            <line>
              <![CDATA[The Da Vinci Code: Facts and Fallacies at the 92nd Street Y]]>
            </line>
            <line>
              <![CDATA[Breaking the Da Vinci Code]]>
            </line>
            <line>
              <![CDATA[Davinci Code]]>
            </line>
            <line>
              <![CDATA[The Da Vinci Code Exposed: What They Don't Want You to Know]]>
            </line>
            <line>
              <![CDATA[The Da Vinci Code]]>
            </line>
            <line>
              <![CDATA[Cracking the Da Vinci Code: The Unauthorized Guide to the Facts Behind the Fiction]]>
            </line>
            <line>
              <![CDATA[The Da Vinci Code Revisited]]>
            </line>
            <line>
              <![CDATA[Collection of Shakespeare's Greatest Stories (Box Set of 10 Books) For Children]]>
            </line>
            <line>
              <![CDATA[The Complete Novels of Sherlock Holmes]]>
            </line>
            <line>
              <![CDATA[Think & Grow Rich: THE 21st CENTURY EDITION]]>
            </line>
            <line>
              <![CDATA[The Greatest Novels of Mark Twain (Deluxe Hardbound Edition)]]>
            </line>
          </reporter-output>
        </test-method> <!-- searchItem -->
        <test-method signature="searchItem(java.lang.String,java.lang.String)[pri:0, instance:com.qa.testscripts.TC_Amazon_001@21e360a]" started-at="2022-07-18T15:29:49 IST" name="searchItem" data-provider="getData" finished-at="2022-07-18T15:29:55 IST" duration-ms="5203" status="PASS">
          <params>
            <param index="0">
              <value>
                <![CDATA[Electronics]]>
              </value>
            </param>
            <param index="1">
              <value>
                <![CDATA[Mobile phones]]>
              </value>
            </param>
          </params>
          <reporter-output>
            <line>
              <![CDATA[The user is on amazon page]]>
            </line>
            <line>
              <![CDATA[The title is same as item name]]>
            </line>
            <line>
              <![CDATA[Samsung Galaxy M33 5G (Mystique Green, 8GB, 128GB Storage) | 5nm Processor | 6000mAh Battery | Voice Focus | Upto 16GB RAM with RAM Plus | Travel Adapter to be Purchased Separately]]>
            </line>
            <line>
              <![CDATA[Samsung Galaxy S21 FE 5G (Lavender, 8GB, 128GB Storage)]]>
            </line>
            <line>
              <![CDATA[Redmi 9A Sport (Coral Green, 2GB RAM, 32GB Storage) | 2GHz Octa-core Helio G25 Processor | 5000 mAh Battery]]>
            </line>
            <line>
              <![CDATA[realme narzo 50i (Carbon Black, 4GB RAM+64GB Storage) - 6.5" inch Large Display | 5000mAh Battery]]>
            </line>
            <line>
              <![CDATA[OPPO A31 (Mystery Black, 6GB RAM, 128GB Storage) with No Cost EMI/Additional Exchange Offers]]>
            </line>
            <line>
              <![CDATA[OPPO A74 5G (Fantastic Purple,6GB RAM,128GB Storage) with No Cost EMI/Additional Exchange Offers]]>
            </line>
            <line>
              <![CDATA[Redmi Note 11T 5G (Matte Black, 6GB RAM, 128GB ROM)| Dimensity 810 5G | 33W Pro Fast Charging | Charger Included | Additional Exchange Offers|Get 2 Months of YouTube Premium Free!]]>
            </line>
            <line>
              <![CDATA[Samsung Galaxy M12 (Blue,4GB RAM, 64GB Storage) 6000 mAh with 8nm Processor | True 48 MP Quad Camera | 90Hz Refresh Rate]]>
            </line>
            <line>
              <![CDATA[Samsung Galaxy M32 (Black, 6GB RAM, 128GB | FHD+ sAMOLED 90Hz Display | 6000mAh Battery | 64MP Quad Camera]]>
            </line>
            <line>
              <![CDATA[Redmi 10 Prime (Phantom Black 4GB RAM 64GB | Helio G88 with extendable RAM Upto 2GB | FHD+ 90Hz Adaptive Sync Display)]]>
            </line>
            <line>
              <![CDATA[Redmi 9 Activ (Coral Green, 4GB RAM, 64GB Storage)]]>
            </line>
            <line>
              <![CDATA[Redmi 10A (Charcoal Black, 4GB RAM, 64GB Storage) | 2 Ghz Octa Core Helio G25 | 5000 mAh Battery | Finger Print Sensor | Upto 5GB RAM with RAM Booster]]>
            </line>
            <line>
              <![CDATA[Redmi Note 10S (Frost White, 6GB RAM, 64GB Storage) - Super Amoled Display | 64 MP Quad Camera | Alexa Built in | 33W Charger Included]]>
            </line>
            <line>
              <![CDATA[Nokia 5310 Dual SIM Keypad Phone with MP3 Player, Wireless FM Radio and Rear Camera with Flash | White/Red]]>
            </line>
            <line>
              <![CDATA[Samsung Galaxy M53 5G (Mystique Green, 6GB, 128GB Storage) | 108MP Camera | sAmoled+ 120Hz | 32MP Front Camera | 6nm Processor | 12GB RAM with RAM Plus | Travel Adapter to be Purchased Separately]]>
            </line>
            <line>
              <![CDATA[Apple iPhone 12 (128GB) - Blue]]>
            </line>
            <line>
              <![CDATA[Jio Phone Next 32 GB ROM, 2 GB RAM, Blue Smartphone]]>
            </line>
            <line>
              <![CDATA[realme narzo 50i (Mint Green, 4GB RAM+64GB Storage) - 6.5" inch Large Display | 5000mAh Battery]]>
            </line>
            <line>
              <![CDATA[Redmi Note 11 (Space Black, 6GB RAM, 64GB Storage) | 90Hz FHD+ AMOLED Display | Qualcomm® Snapdragon™ 680-6nm | Alexa Built-in | 33W Charger Included | Get 2 Months of YouTube Premium Free!]]>
            </line>
            <line>
              <![CDATA[OPPO A15s (Rainbow Silver, 4GB RAM, 64GB Storage) With No Cost EMI/Additional Exchange Offers]]>
            </line>
            <line>
              <![CDATA[vivo iQOO Z6 44W (Raven Black, 6GB RAM, 128GB Storage) | 44W FlashCharge + 5000mAh Battery | FHD+ AMOLED Display | in-Display Fingerprint]]>
            </line>
            <line>
              <![CDATA[Redmi Note 10T 5G (Metallic Blue, 4GB RAM, 64GB Storage) | Dual 5G | 90Hz Adaptive Refresh Rate | MediaTek Dimensity 700 7nm Processor | 22.5W Charger Included]]>
            </line>
            <line>
              <![CDATA[Redmi 9A Sport (Carbon Black, 2GB RAM, 32GB Storage) | 2GHz Octa-core Helio G25 Processor | 5000 mAh Battery]]>
            </line>
            <line>
              <![CDATA[realme narzo 50i (Mint Green, 2GB RAM+32GB Storage) - 6.5" inch Large Display | 5000mAh Battery]]>
            </line>
            <line>
              <![CDATA[Redmi 10 Prime (Phantom Black 6GB RAM 128GB ROM |Helio G88 with extendable RAM Upto 2GB |FHD+ 90Hz Adaptive Sync Display)]]>
            </line>
            <line>
              <![CDATA[Redmi 10 Prime (Astral White 4GB RAM 64GB ROM |Helio G88 with extendable RAM Upto 2GB |FHD+ 90Hz Adaptive Sync Display)]]>
            </line>
            <line>
              <![CDATA[Nokia 105 Single SIM (Black)]]>
            </line>
            <line>
              <![CDATA[Nokia 105 Single SIM, Keypad Mobile Phone with Wireless FM Radio | Charcoal]]>
            </line>
            <line>
              <![CDATA[Lava X2 (2+32GB, Striped Blue) | Fingerprint Sensor | Octa Core Mediatek Processor | 6.5" HD+ Display | 8MP Dual AI Camera | 5000 mAh Battery | Type-C Charger]]>
            </line>
            <line>
              <![CDATA[Apple iPhone 13 Pro (1TB) - Silver]]>
            </line>
          </reporter-output>
        </test-method> <!-- searchItem -->
        <test-method signature="searchItem(java.lang.String,java.lang.String)[pri:0, instance:com.qa.testscripts.TC_Amazon_001@21e360a]" started-at="2022-07-18T15:29:55 IST" name="searchItem" data-provider="getData" finished-at="2022-07-18T15:30:01 IST" duration-ms="6636" status="PASS">
          <params>
            <param index="0">
              <value>
                <![CDATA[Furniture]]>
              </value>
            </param>
            <param index="1">
              <value>
                <![CDATA[Wooden Tables]]>
              </value>
            </param>
          </params>
          <reporter-output>
            <line>
              <![CDATA[The user is on amazon page]]>
            </line>
            <line>
              <![CDATA[The title is same as item name]]>
            </line>
            <line>
              <![CDATA[Priti Wooden Coffee Table Living Room Table Solid Wood in Conical Shape | Wooden Surface Top & Sturdy Metal Legs Industrial Sofa Table for Living Room Modern Design Home Furniture]]>
            </line>
          </reporter-output>
        </test-method> <!-- searchItem -->
        <test-method signature="searchItem(java.lang.String,java.lang.String)[pri:0, instance:com.qa.testscripts.TC_Amazon_001@21e360a]" started-at="2022-07-18T15:30:01 IST" name="searchItem" data-provider="getData" finished-at="2022-07-18T15:30:06 IST" duration-ms="4702" status="PASS">
          <params>
            <param index="0">
              <value>
                <![CDATA[Appliances]]>
              </value>
            </param>
            <param index="1">
              <value>
                <![CDATA[Washing machines]]>
              </value>
            </param>
          </params>
          <reporter-output>
            <line>
              <![CDATA[The user is on amazon page]]>
            </line>
            <line>
              <![CDATA[The title is same as item name]]>
            </line>
            <line>
              <![CDATA[Panasonic 6.5 kg 5 Star Semi-Automatic Top Loading Washing Machine (NA-W65E5ARB, Blue, Powerful Motor)]]>
            </line>
            <line>
              <![CDATA[AmazonBasics 7 Kg Fully Automatic Top Loading Washing Machine (2021, Grey)]]>
            </line>
            <line>
              <![CDATA[Samsung 6.5 kg Fully-Automatic Top Loading Washing Machine (WA65A4002VS/TL, Imperial Silver, Diamond Drum)]]>
            </line>
            <line>
              <![CDATA[Samsung 6.5 Kg 5 Star Inverter Fully-Automatic Top Loading Washing Machine (WA65T4262GG/TL, Light Grey, Wobble technology)]]>
            </line>
            <line>
              <![CDATA[Whirlpool 7 Kg 5 Star Semi-Automatic Top Loading Washing Machine (SUPERB ATOM 7.0, Grey Dazzle, TurboScrub Technology)]]>
            </line>
            <line>
              <![CDATA[Panasonic Econavi 8 Kg 5 Star Built-In Heater Fully-Automatic Top Loading Washing Machine (NA-F80V9LRB, Silver, Stain Master+)]]>
            </line>
            <line>
              <![CDATA[LG 6.5 Kg 5 Star Smart Inverter Fully-Automatic Top Loading Washing Machine (T65SKSF4Z, Middle Free Silver)]]>
            </line>
            <line>
              <![CDATA[LG 7 Kg 5 Star Semi-Automatic Top Loading Washing Machine (P7020NGAZ, Dark Gray, Wind Jet Dry)]]>
            </line>
            <line>
              <![CDATA[IFB 6.5 Kg Fully-Automatic Front Loading Washing Machine (Elena SX 6510, SX -Silver, In-Built Heater)]]>
            </line>
            <line>
              <![CDATA[Bosch 6 kg 5 Star Inverter Fully Automatic Front Loading Washing Machine with In - built Heater (WLJ2016WIN, White )]]>
            </line>
            <line>
              <![CDATA[Whirlpool 7.5 Kg 5 Star Royal Plus Fully-Automatic Top Loading Washing Machine (WHITEMAGIC ROYAL PLUS 7.5, Grey, Hard Water Wash)]]>
            </line>
            <line>
              <![CDATA[Panasonic 6.5 kg 5 Star Semi-Automatic Top Loading Washing Machine (NA-W65E5ARB, Blue, Powerful Motor)]]>
            </line>
            <line>
              <![CDATA[Whirlpool 7 Kg 5 Star Royal Fully-Automatic Top Loading Washing Machine (WHITEMAGIC ROYAL 7.0 GENX, Grey, Hard Water Wash)]]>
            </line>
            <line>
              <![CDATA[Whirlpool 7.5 Kg 5 Star Semi-Automatic Top Loading Washing Machine (ACE 7.5 SUPREME, Grey Dazzle)]]>
            </line>
            <line>
              <![CDATA[Samsung 6.0 Kg Inverter 5 Star Fully-Automatic Front Loading Washing Machine (WW60R20GLMA/TL, White, Hygiene Steam)]]>
            </line>
            <line>
              <![CDATA[LG 6.5 Kg 5 Star Smart Inverter Fully-Automatic Top Loading Washing Machine (T65SKSF4Z, Middle Free Silver)]]>
            </line>
            <line>
              <![CDATA[LG 7 kg 5 Star Inverter Fully-Automatic Top Loading Washing Machine (T70SKSF1Z, Middle Free Silver, TurboDrum)]]>
            </line>
            <line>
              <![CDATA[IFB 7 Kg Fully-Automatic Top Loading Washing Machine (TL RES Aqua, Light Grey, Smart Sense,3D Wash Technology)]]>
            </line>
            <line>
              <![CDATA[Onida 6.5 kg Washer Only (WS65WLPT1LR Liliput, Lava Red)]]>
            </line>
            <line>
              <![CDATA[Samsung 7 kg Fully-Automatic Top Loading Washing Machine (WA70A4002GS/TL, Imperial Silver, Diamond drum)]]>
            </line>
            <line>
              <![CDATA[LG 9.0 Kg 5 Star Smart Inverter Fully-Automatic Top Loading Washing Machine (T90SJSF1Z, Middle Free Silver, Jet Spray+)]]>
            </line>
            <line>
              <![CDATA[Whirlpool 6 Kg 5 Star Semi-Automatic Top Loading Washing Machine (SUPERB ATOM 60I, Grey Dazzle)]]>
            </line>
            <line>
              <![CDATA[Godrej 6.2 Kg Fully-Automatic Top Loading Washing Machine (WT EON 620 A Gp Gr, Grey)]]>
            </line>
            <line>
              <![CDATA[Godrej 6.2 Kg Fully-Automatic Top Loading Washing Machine (WT EON 620 AP Gp Gr, Graphic Grey)]]>
            </line>
            <line>
              <![CDATA[Whirlpool 7 Kg 5 Star Royal Plus Fully-Automatic Top Loading Washing Machine (WHITEMAGIC ROYAL PLUS 7.0, Grey, Hard Water Wash)]]>
            </line>
            <line>
              <![CDATA[DMR Portable 3 kg Mini Top-Load Washing Machine with Dryer Basket (DMR 30-1208, Black)]]>
            </line>
            <line>
              <![CDATA[Panasonic 7 Kg 5 Star Fully-Automatic Top Loading Washing Machine (NA-F70LF1HRB, Grey)]]>
            </line>
            <line>
              <![CDATA[Whirlpool 8 Kg 5 Star Semi-Automatic Top Loading Washing Machine]]>
            </line>
            <line>
              <![CDATA[AmazonBasics 6.5 kg Fully-Automatic Top Load Washing Machine (Grey/Black, Full Metal body, LED Display)]]>
            </line>
            <line>
              <![CDATA[LG 7 Kg 5 Star Semi-Automatic Top Loading Washing Machine (P7020NGAZ, Dark Gray, Wind Jet Dry)]]>
            </line>
            <line>
              <![CDATA[Samsung 6.5 kg Fully-Automatic Top Loading Washing Machine (WA65A4002VS/TL, Imperial Silver, Diamond Drum)]]>
            </line>
          </reporter-output>
        </test-method> <!-- searchItem -->
        <test-method signature="searchItem(java.lang.String,java.lang.String)[pri:0, instance:com.qa.testscripts.TC_Amazon_001@21e360a]" started-at="2022-07-18T15:30:06 IST" name="searchItem" data-provider="getData" finished-at="2022-07-18T15:30:10 IST" duration-ms="4465" status="PASS">
          <params>
            <param index="0">
              <value>
                <![CDATA[Beauty]]>
              </value>
            </param>
            <param index="1">
              <value>
                <![CDATA[Body lotions]]>
              </value>
            </param>
          </params>
          <reporter-output>
            <line>
              <![CDATA[The user is on amazon page]]>
            </line>
            <line>
              <![CDATA[The title is same as item name]]>
            </line>
            <line>
              <![CDATA[Did you mean]]>
            </line>
            <line>
              <![CDATA[Coco Soul Body Lotion with Coconut, Sandalwood & Ayurveda, Paraben, Silicones & Mineral Oil Free, 100% Vegan, 200 ml]]>
            </line>
          </reporter-output>
        </test-method> <!-- searchItem -->
        <test-method is-config="true" signature="tearDown()[pri:0, instance:com.qa.testscripts.TC_Amazon_001@21e360a]" started-at="2022-07-18T15:30:10 IST" name="tearDown" finished-at="2022-07-18T15:30:11 IST" duration-ms="478" status="PASS">
          <reporter-output>
          </reporter-output>
        </test-method> <!-- tearDown -->
      </class> <!-- com.qa.testscripts.TC_Amazon_001 -->
    </test> <!-- Functional Test -->
  </suite> <!-- Test Automation Suite -->
</testng-results>
